<?xml version="1.0" encoding="UTF-8"?>
<!-- Generated by org.testng.reporters.JUnitReportReporter -->
<testsuite hostname="DESKTOP-SKDRLNI" failures="0" tests="1" name="Section14.Test1" time="0.009" errors="0" timestamp="2023-01-21T21:39:06 CET" skipped="0">
  <testcase classname="Section14.Test1" name="streamCollect" time="0.009"/>
  <system-out/>
</testsuite> <!-- Section14.Test1 -->
