<?xml version="1.0" encoding="UTF-8"?>
<!-- Generated by org.testng.reporters.JUnitReportReporter -->
<testsuite hostname="DESKTOP-SKDRLNI" failures="0" tests="1" name="GoogleTest" time="3.562" errors="0" timestamp="2023-03-13T13:08:57 CET" skipped="0">
  <testcase classname="GoogleTest" name="HomePageCheck" time="3.562"/>
  <system-out/>
</testsuite> <!-- GoogleTest -->
