<?xml version="1.0" encoding="UTF-8"?>
<!-- Generated by org.testng.reporters.JUnitReportReporter -->
<testsuite hostname="DESKTOP-SKDRLNI" failures="0" tests="1" name="rahulshettyacademy.JovanovskiLabaratory.Example_with_maven" time="2.444" errors="0" timestamp="2023-05-22T12:28:09 CEST" skipped="0">
  <testcase classname="rahulshettyacademy.JovanovskiLabaratory.Example_with_maven" name="Example_with_maven" time="2.444"/>
  <system-out/>
</testsuite> <!-- rahulshettyacademy.JovanovskiLabaratory.Example_with_maven -->
