<?xml version="1.0" encoding="UTF-8"?>
<!-- Generated by org.testng.reporters.JUnitReportReporter -->
<testsuite hostname="DESKTOP-SKDRLNI" failures="0" tests="1" name="rahulshettyacademy.JovanovskiLabaratory.Example_Basic_code" time="16.112" errors="0" timestamp="2023-05-22T12:30:01 CEST" skipped="0">
  <testcase classname="rahulshettyacademy.JovanovskiLabaratory.Example_Basic_code" name="Example" time="16.112"/>
  <system-out/>
</testsuite> <!-- rahulshettyacademy.JovanovskiLabaratory.Example_Basic_code -->
