<?xml version="1.0" encoding="UTF-8"?>
<!-- Generated by org.testng.reporters.JUnitReportReporter -->
<testsuite hostname="DESKTOP-SKDRLNI" failures="0" tests="1" name="Cucumber.TestNGTestRunner" time="7.395" errors="0" timestamp="2023-02-27T10:36:40 CET" skipped="0">
  <testcase classname="Cucumber.TestNGTestRunner" name="runScenario" time="7.395"/>
  <system-out/>
</testsuite> <!-- Cucumber.TestNGTestRunner -->
