<?xml version="1.0" encoding="UTF-8"?>
<!-- Generated by org.testng.reporters.JUnitReportReporter -->
<testsuite hostname="DESKTOP-SKDRLNI" failures="0" tests="3" name="rahulshettyacademy.Tests.SubmitOrderTest" time="20.000" errors="0" timestamp="2023-03-15T11:05:10 CET" skipped="0">
  <testcase classname="rahulshettyacademy.Tests.SubmitOrderTest" name="submitOrder" time="8.041"/>
  <system-out/>
  <testcase classname="rahulshettyacademy.Tests.SubmitOrderTest" name="submitOrder" time="7.260"/>
  <system-out/>
  <testcase classname="rahulshettyacademy.Tests.SubmitOrderTest" name="OrderHistoryTest" time="4.699"/>
  <system-out/>
</testsuite> <!-- rahulshettyacademy.Tests.SubmitOrderTest -->
