<?xml version="1.0" encoding="UTF-8"?>
<!-- Generated by org.testng.reporters.JUnitReportReporter -->
<testsuite hostname="DESKTOP-SKDRLNI" failures="0" tests="1" name="test.Day2" time="0.001" errors="0" timestamp="2023-03-13T11:18:50 CET" skipped="0">
  <testcase classname="test.Day2" name="Ploan" time="0.001"/>
  <system-out/>
</testsuite> <!-- test.Day2 -->
