<?xml version="1.0" encoding="UTF-8"?>
<!-- Generated by org.testng.reporters.JUnitReportReporter -->
<testsuite hostname="DESKTOP-SKDRLNI" failures="0" tests="3" name="test.Day4" time="0.004" errors="0" timestamp="2023-03-13T11:18:50 CET" skipped="0">
  <testcase classname="test.Day4" name="WebLoginHomeLoan" time="0.002"/>
  <system-out/>
  <testcase classname="test.Day4" name="LoginApiHomeLoan" time="0.001"/>
  <system-out/>
  <testcase classname="test.Day4" name="MobileLoginHomeLoan" time="0.001"/>
  <system-out/>
</testsuite> <!-- test.Day4 -->
