<?xml version="1.0" encoding="UTF-8"?>
<!-- Generated by org.testng.reporters.JUnitReportReporter -->
<testsuite hostname="DESKTOP-SKDRLNI" failures="0" tests="6" name="test.Day3" time="0.007" errors="0" timestamp="2023-03-13T11:18:50 CET" skipped="1">
  <testcase classname="test.Day3" name="MobileLoginCarLoan" time="0.003"/>
  <system-out/>
  <testcase classname="test.Day3" name="MobileSignOutCarLoan" time="0.001"/>
  <system-out/>
  <testcase classname="test.Day3" name="MobileSignOutCarLoan" time="0.001"/>
  <system-out/>
  <testcase classname="test.Day3" name="MobileSignOutCarLoan" time="0.002"/>
  <system-out/>
  <testcase classname="test.Day3" name="WebLoginCarLoan" time="0.000"/>
  <system-out/>
  <testcase classname="test.Day3" name="MobileSignInCarLoan">
    <skipped/>
  </testcase> <!-- MobileSignInCarLoan -->
  <system-out/>
</testsuite> <!-- test.Day3 -->
