<?xml version="1.0" encoding="UTF-8"?>
<!-- Generated by org.testng.reporters.JUnitReportReporter -->
<testsuite hostname="DESKTOP-SKDRLNI" failures="0" tests="1" name="dataDriven.excelDataProvider.excel" time="0.704" errors="0" timestamp="2023-03-08T21:00:22 CET" skipped="0">
  <testcase classname="dataDriven.excelDataProvider.excel" name="getExcel" time="0.704"/>
  <system-out/>
</testsuite> <!-- dataDriven.excelDataProvider.excel -->
