<?xml version="1.0" encoding="UTF-8"?>
<!-- Generated by org.testng.reporters.JUnitReportReporter -->
<testsuite hostname="DESKTOP-SKDRLNI" failures="0" tests="3" name="dataDriven.excelDataProvider.dataProvider" time="0.009" errors="0" timestamp="2023-03-14T12:40:17 CET" skipped="0">
  <testcase classname="dataDriven.excelDataProvider.dataProvider" name="testCaseData" time="0.001"/>
  <system-out/>
  <testcase classname="dataDriven.excelDataProvider.dataProvider" name="testCaseData" time="0.001"/>
  <system-out/>
  <testcase classname="dataDriven.excelDataProvider.dataProvider" name="testCaseData" time="0.007"/>
  <system-out/>
</testsuite> <!-- dataDriven.excelDataProvider.dataProvider -->
