<?xml version="1.0" encoding="UTF-8"?>
<!-- Generated by org.testng.reporters.JUnitReportReporter -->
<testsuite hostname="DESKTOP-SKDRLNI" failures="0" tests="1" name="Cucumber.TestNGTestRunner" time="8.688" errors="0" timestamp="2023-02-27T11:37:19 CET" skipped="0">
  <testcase classname="Cucumber.TestNGTestRunner" name="runScenario" time="8.688"/>
  <system-out/>
</testsuite> <!-- Cucumber.TestNGTestRunner -->
