<?xml version="1.0" encoding="UTF-8"?>
<!-- Generated by org.testng.reporters.JUnitReportReporter -->
<testsuite hostname="DESKTOP-SKDRLNI" failures="0" tests="1" name="rahulshettyacademy.JovanovskiLabaratory.Example_Basic_code" time="18.796" errors="0" timestamp="2023-07-25T19:08:56 CEST" skipped="0">
  <testcase classname="rahulshettyacademy.JovanovskiLabaratory.Example_Basic_code" name="Example" time="18.796"/>
  <system-out/>
</testsuite> <!-- rahulshettyacademy.JovanovskiLabaratory.Example_Basic_code -->
