<?xml version="1.0" encoding="UTF-8"?>
<!-- Generated by org.testng.reporters.JUnitReportReporter -->
<testsuite hostname="DESKTOP-SKDRLNI" failures="0" tests="1" name="rahulshettyacademy.ExtentReports.ExtentReportDemo" time="5.926" errors="0" timestamp="2023-03-14T12:42:51 CET" skipped="0">
  <testcase classname="rahulshettyacademy.ExtentReports.ExtentReportDemo" name="initaialDemo" time="5.926"/>
  <system-out/>
</testsuite> <!-- rahulshettyacademy.ExtentReports.ExtentReportDemo -->
